<?xml version="1.0" encoding="UTF-8"?>
<!-- Generated by org.testng.reporters.JUnitXMLReporter -->
<testsuite ignored="3" hostname="INBOOK_X2_PLUS" failures="1" tests="1" name="AddToCartTest" time="0.004" errors="0" timestamp="2024-03-16T21:13:30 IST">
  <testcase classname="nopEcommercePoject.NopEcommerce" name="addTocart" time="0.001">
    <failure type="java.lang.NullPointerException" message="Cannot invoke &amp;quot;org.openqa.selenium.WebDriver.findElement(org.openqa.selenium.By)&amp;quot; because &amp;quot;this.driver&amp;quot; is null">
      <![CDATA[java.lang.NullPointerException: Cannot invoke "org.openqa.selenium.WebDriver.findElement(org.openqa.selenium.By)" because "this.driver" is null
at nopEcommercePoject.NopEcommerce.addTocart(NopEcommerce.java:83)
at java.base/java.util.ArrayList.forEach(ArrayList.java:1511)
... Removed 27 stack frames]]>
    </failure>
  </testcase> <!-- addTocart -->
  <testcase classname="nopEcommercePoject.NopEcommerce" name="billingAddress" time="0.0">
    <ignored/>
  </testcase> <!-- billingAddress -->
  <testcase classname="nopEcommercePoject.NopEcommerce" name="registerNewUser" time="0.0">
    <ignored/>
  </testcase> <!-- registerNewUser -->
  <testcase classname="nopEcommercePoject.NopEcommerce" name="checkOut" time="0.0">
    <ignored/>
  </testcase> <!-- checkOut -->
</testsuite> <!-- AddToCartTest -->
